CRITICAL - 2022-04-09 11:54:57 --> Class 'App\Controllers\Front\BaseController' not found
#0 C:\wamp64\www\system\Autoloader\Autoloader.php(264): include_once()
#1 C:\wamp64\www\system\Autoloader\Autoloader.php(241): CodeIgniter\Autoloader\Autoloader->includeFile('C:\\wamp64\\www\\a...')
#2 C:\wamp64\www\system\Autoloader\Autoloader.php(219): CodeIgniter\Autoloader\Autoloader->loadInNamespace('App\\Controllers...')
#3 [internal function]: CodeIgniter\Autoloader\Autoloader->loadClass('App\\Controllers...')
#4 [internal function]: spl_autoload_call('App\\Controllers...')
#5 C:\wamp64\www\system\CodeIgniter.php(797): class_exists('\\App\\Controller...', true)
#6 C:\wamp64\www\system\CodeIgniter.php(406): CodeIgniter\CodeIgniter->startController()
#7 C:\wamp64\www\system\CodeIgniter.php(326): CodeIgniter\CodeIgniter->handleRequest(NULL, Object(Config\Cache), false)
#8 C:\wamp64\www\index.php(37): CodeIgniter\CodeIgniter->run()
#9 {main}
CRITICAL - 2022-04-09 11:54:58 --> Class 'App\Controllers\Front\BaseController' not found
#0 C:\wamp64\www\system\Autoloader\Autoloader.php(264): include_once()
#1 C:\wamp64\www\system\Autoloader\Autoloader.php(241): CodeIgniter\Autoloader\Autoloader->includeFile('C:\\wamp64\\www\\a...')
#2 C:\wamp64\www\system\Autoloader\Autoloader.php(219): CodeIgniter\Autoloader\Autoloader->loadInNamespace('App\\Controllers...')
#3 [internal function]: CodeIgniter\Autoloader\Autoloader->loadClass('App\\Controllers...')
#4 [internal function]: spl_autoload_call('App\\Controllers...')
#5 C:\wamp64\www\system\CodeIgniter.php(797): class_exists('\\App\\Controller...', true)
#6 C:\wamp64\www\system\CodeIgniter.php(406): CodeIgniter\CodeIgniter->startController()
#7 C:\wamp64\www\system\CodeIgniter.php(326): CodeIgniter\CodeIgniter->handleRequest(NULL, Object(Config\Cache), false)
#8 C:\wamp64\www\index.php(37): CodeIgniter\CodeIgniter->run()
#9 {main}
CRITICAL - 2022-04-09 11:54:58 --> Class 'App\Controllers\Front\BaseController' not found
#0 C:\wamp64\www\system\Autoloader\Autoloader.php(264): include_once()
#1 C:\wamp64\www\system\Autoloader\Autoloader.php(241): CodeIgniter\Autoloader\Autoloader->includeFile('C:\\wamp64\\www\\a...')
#2 C:\wamp64\www\system\Autoloader\Autoloader.php(219): CodeIgniter\Autoloader\Autoloader->loadInNamespace('App\\Controllers...')
#3 [internal function]: CodeIgniter\Autoloader\Autoloader->loadClass('App\\Controllers...')
#4 [internal function]: spl_autoload_call('App\\Controllers...')
#5 C:\wamp64\www\system\CodeIgniter.php(797): class_exists('\\App\\Controller...', true)
#6 C:\wamp64\www\system\CodeIgniter.php(406): CodeIgniter\CodeIgniter->startController()
#7 C:\wamp64\www\system\CodeIgniter.php(326): CodeIgniter\CodeIgniter->handleRequest(NULL, Object(Config\Cache), false)
#8 C:\wamp64\www\index.php(37): CodeIgniter\CodeIgniter->run()
#9 {main}
CRITICAL - 2022-04-09 11:54:58 --> Class 'App\Controllers\Front\BaseController' not found
#0 C:\wamp64\www\system\Autoloader\Autoloader.php(264): include_once()
#1 C:\wamp64\www\system\Autoloader\Autoloader.php(241): CodeIgniter\Autoloader\Autoloader->includeFile('C:\\wamp64\\www\\a...')
#2 C:\wamp64\www\system\Autoloader\Autoloader.php(219): CodeIgniter\Autoloader\Autoloader->loadInNamespace('App\\Controllers...')
#3 [internal function]: CodeIgniter\Autoloader\Autoloader->loadClass('App\\Controllers...')
#4 [internal function]: spl_autoload_call('App\\Controllers...')
#5 C:\wamp64\www\system\CodeIgniter.php(797): class_exists('\\App\\Controller...', true)
#6 C:\wamp64\www\system\CodeIgniter.php(406): CodeIgniter\CodeIgniter->startController()
#7 C:\wamp64\www\system\CodeIgniter.php(326): CodeIgniter\CodeIgniter->handleRequest(NULL, Object(Config\Cache), false)
#8 C:\wamp64\www\index.php(37): CodeIgniter\CodeIgniter->run()
#9 {main}
