CRITICAL - 2022-04-10 11:09:29 --> The framework needs the following extension(s) installed and loaded: intl.
#0 C:\xampp\htdocs\system\CodeIgniter.php(219): CodeIgniter\Exceptions\FrameworkException::forMissingExtension('intl')
#1 C:\xampp\htdocs\system\CodeIgniter.php(177): CodeIgniter\CodeIgniter->resolvePlatformExtensions()
#2 C:\xampp\htdocs\system\bootstrap.php(146): CodeIgniter\CodeIgniter->initialize()
#3 C:\xampp\htdocs\public\index.php(28): require('C:\\xampp\\htdocs...')
#4 {main}
CRITICAL - 2022-04-10 11:10:10 --> The framework needs the following extension(s) installed and loaded: intl.
#0 C:\xampp\htdocs\system\CodeIgniter.php(219): CodeIgniter\Exceptions\FrameworkException::forMissingExtension('intl')
#1 C:\xampp\htdocs\system\CodeIgniter.php(177): CodeIgniter\CodeIgniter->resolvePlatformExtensions()
#2 C:\xampp\htdocs\system\bootstrap.php(146): CodeIgniter\CodeIgniter->initialize()
#3 C:\xampp\htdocs\public\index.php(28): require('C:\\xampp\\htdocs...')
#4 {main}
CRITICAL - 2022-04-10 13:09:23 --> Undefined array key ""
#0 C:\xampp\htdocs\app\Libraries\AuthLibrary.php(846): CodeIgniter\Debug\Exceptions->errorHandler(2, 'Undefined array...', 'C:\\xampp\\htdocs...', 846)
#1 C:\xampp\htdocs\app\Controllers\Auth.php(91): App\Libraries\AuthLibrary->autoredirect()
#2 C:\xampp\htdocs\system\CodeIgniter.php(832): App\Controllers\Auth->login()
#3 C:\xampp\htdocs\system\CodeIgniter.php(419): CodeIgniter\CodeIgniter->runController(Object(App\Controllers\Auth))
#4 C:\xampp\htdocs\system\CodeIgniter.php(326): CodeIgniter\CodeIgniter->handleRequest(NULL, Object(Config\Cache), false)
#5 C:\xampp\htdocs\index.php(37): CodeIgniter\CodeIgniter->run()
#6 {main}
